2023-05-04 15:43:55,748 [Worker-7: Loading available Gradle versions] INFO  o.e.b.c.i.u.g.PublishedGradleVersions - Gradle version information cache is up-to-date. Trying to read.
2023-05-04 16:03:54,111 [Worker-0: Loading available Gradle versions] INFO  o.e.b.c.i.u.g.PublishedGradleVersions - Gradle version information cache is up-to-date. Trying to read.
2023-05-04 16:04:28,458 [Worker-1: Loading available Gradle versions] INFO  o.e.b.c.i.u.g.PublishedGradleVersions - Gradle version information cache is up-to-date. Trying to read.
2023-05-04 21:35:31,756 [Worker-5: Loading available Gradle versions] INFO  o.e.b.c.i.u.g.PublishedGradleVersions - Gradle version information cache is up-to-date. Trying to read.
2023-05-05 00:03:10,481 [Worker-1: Loading available Gradle versions] INFO  o.e.b.c.i.u.g.PublishedGradleVersions - Gradle version information cache is up-to-date. Trying to read.
2023-05-09 15:43:15,351 [Worker-4: Loading available Gradle versions] INFO  o.e.b.c.i.u.g.PublishedGradleVersions - Gradle version information cache is out-of-date. Trying to update.
2023-05-09 15:44:35,283 [Worker-20: Updating Maven Dependencies] INFO  o.e.m.c.i.l.LifecycleMappingFactory - Using org.eclipse.m2e.jdt.JarLifecycleMapping lifecycle mapping for MavenProject: co.edu.uco.publiuco:PubliUcoDTO:0.0.1-SNAPSHOT @ C:\Users\Usuario\OneDrive - UCO\Desktop\Universidad\uco-2023-1\Doo\Personal\Doo-ProyectoClase\PubliUcoDTO\pom.xml.
2023-05-09 15:44:35,283 [Worker-16: Building] INFO  o.e.m.c.i.l.LifecycleMappingFactory - Using org.eclipse.m2e.jdt.JarLifecycleMapping lifecycle mapping for MavenProject: co.edu.uco.publiuco:PubliUcoBusiness:0.0.1-SNAPSHOT @ C:\Users\Usuario\OneDrive - UCO\Desktop\Universidad\uco-2023-1\Doo\Personal\Doo-ProyectoClase\PubliUcoBusiness\pom.xml.
2023-05-09 15:44:35,302 [Worker-16: Building] WARN  o.e.m.c.i.embedder.EclipseLogger - The POM for co.edu.uco.publiuco:PubliUcoCrossCutting:jar:0.0.1-SNAPSHOT is missing, no dependency information available
2023-05-09 15:44:35,302 [Worker-20: Updating Maven Dependencies] WARN  o.e.m.c.i.embedder.EclipseLogger - The POM for co.edu.uco.publiuco:PubliUcoCrossCutting:jar:0.0.1-SNAPSHOT is missing, no dependency information available
2023-05-09 15:44:35,306 [Worker-16: Building] WARN  o.e.m.c.i.embedder.EclipseLogger - The POM for co.edu.uco.publiuco:PublicUcoEntities:jar:0.0.1-SNAPSHOT is missing, no dependency information available
2023-05-09 15:44:35,308 [Worker-16: Building] WARN  o.e.m.c.i.embedder.EclipseLogger - The POM for co.edu.uco.publiuco:PubliUcoDTO:jar:0.0.1-SNAPSHOT is missing, no dependency information available
2023-05-09 15:44:35,310 [Worker-16: Building] WARN  o.e.m.c.i.embedder.EclipseLogger - The POM for co.edu.uco.publiuco:PubliUcoData:jar:0.0.1-SNAPSHOT is missing, no dependency information available
2023-05-09 15:44:36,352 [Worker-16: Building] WARN  o.e.m.c.i.embedder.EclipseLogger - Using platform encoding (Cp1252 actually) to copy filtered resources, i.e. build is platform dependent!
2023-05-09 15:44:36,353 [Worker-16: Building] INFO  o.e.m.c.i.embedder.EclipseLogger - skip non existing resourceDirectory C:\Users\Usuario\OneDrive - UCO\Desktop\Universidad\uco-2023-1\Doo\Personal\Doo-ProyectoClase\PubliUcoBusiness\src\main\resources
2023-05-09 15:44:36,357 [Worker-16: Building] WARN  o.e.m.c.i.embedder.EclipseLogger - Using platform encoding (Cp1252 actually) to copy filtered resources, i.e. build is platform dependent!
2023-05-09 15:44:36,360 [Worker-16: Building] INFO  o.e.m.c.i.embedder.EclipseLogger - skip non existing resourceDirectory C:\Users\Usuario\OneDrive - UCO\Desktop\Universidad\uco-2023-1\Doo\Personal\Doo-ProyectoClase\PubliUcoBusiness\src\test\resources
2023-05-09 15:44:37,073 [Worker-0: Building] INFO  o.e.m.c.i.l.LifecycleMappingFactory - Using org.eclipse.m2e.jdt.JarLifecycleMapping lifecycle mapping for MavenProject: co.edu.uco.publiuco:PubliUcoCrossCutting:0.0.1-SNAPSHOT @ C:\Users\Usuario\OneDrive - UCO\Desktop\Universidad\uco-2023-1\Doo\Personal\Doo-ProyectoClase\PubliUcoCrossCutting\pom.xml.
2023-05-09 15:44:37,136 [Worker-0: Building] INFO  o.e.m.c.i.l.LifecycleMappingFactory - Using org.eclipse.m2e.jdt.JarLifecycleMapping lifecycle mapping for MavenProject: co.edu.uco.publiuco:PubliUcoBusiness:0.0.1-SNAPSHOT @ C:\Users\Usuario\OneDrive - UCO\Desktop\Universidad\uco-2023-1\Doo\Personal\Doo-ProyectoClase\PubliUcoBusiness\pom.xml.
2023-05-09 15:44:37,144 [Worker-0: Building] WARN  o.e.m.c.i.embedder.EclipseLogger - The POM for co.edu.uco.publiuco:PublicUcoEntities:jar:0.0.1-SNAPSHOT is missing, no dependency information available
2023-05-09 15:44:37,147 [Worker-0: Building] WARN  o.e.m.c.i.embedder.EclipseLogger - The POM for co.edu.uco.publiuco:PubliUcoDTO:jar:0.0.1-SNAPSHOT is missing, no dependency information available
2023-05-09 15:44:37,149 [Worker-0: Building] WARN  o.e.m.c.i.embedder.EclipseLogger - The POM for co.edu.uco.publiuco:PubliUcoData:jar:0.0.1-SNAPSHOT is missing, no dependency information available
2023-05-09 15:44:37,158 [Worker-16: Download sources and javadoc] ERROR o.e.m.j.internal.DownloadSourcesJob - Could not download sources for co.edu.uco.publiuco:PubliUcoCrossCutting:0.0.1-SNAPSHOT
org.eclipse.core.runtime.CoreException: Could not resolve artifact co.edu.uco.publiuco:PubliUcoCrossCutting:jar:sources:0.0.1-SNAPSHOT
	at org.eclipse.m2e.core.internal.embedder.MavenImpl.lambda$6(MavenImpl.java:584)
	at org.eclipse.m2e.core.internal.embedder.MavenExecutionContext.executeBare(MavenExecutionContext.java:394)
	at org.eclipse.m2e.core.internal.embedder.MavenExecutionContext.execute(MavenExecutionContext.java:228)
	at org.eclipse.m2e.core.internal.embedder.MavenExecutionContext.execute(MavenExecutionContext.java:214)
	at org.eclipse.m2e.core.internal.embedder.MavenImpl.resolve(MavenImpl.java:553)
	at org.eclipse.m2e.core.internal.embedder.MavenImpl.resolve(MavenImpl.java:538)
	at org.eclipse.m2e.jdt.internal.DownloadSourcesJob.download(DownloadSourcesJob.java:308)
	at org.eclipse.m2e.jdt.internal.DownloadSourcesJob.downloadAttachments(DownloadSourcesJob.java:282)
	at org.eclipse.m2e.jdt.internal.DownloadSourcesJob.downloadMaven(DownloadSourcesJob.java:252)
	at org.eclipse.m2e.jdt.internal.DownloadSourcesJob.downloadFilesAndPopulateToUpdate(DownloadSourcesJob.java:220)
	at org.eclipse.m2e.jdt.internal.DownloadSourcesJob.lambda$0(DownloadSourcesJob.java:149)
	at org.eclipse.m2e.core.internal.embedder.MavenExecutionContext.executeBare(MavenExecutionContext.java:394)
	at org.eclipse.m2e.core.internal.embedder.MavenExecutionContext.execute(MavenExecutionContext.java:275)
	at org.eclipse.m2e.core.internal.embedder.MavenExecutionContext.execute(MavenExecutionContext.java:214)
	at org.eclipse.m2e.core.embedder.IMaven.execute(IMaven.java:294)
	at org.eclipse.m2e.jdt.internal.DownloadSourcesJob.run(DownloadSourcesJob.java:149)
	at org.eclipse.core.internal.jobs.Worker.run(Worker.java:63)
2023-05-09 15:44:37,159 [Worker-0: Building] INFO  o.e.m.c.i.p.WorkspaceClassifierResolverManager - Resolving P/PubliUcoCrossCutting: co.edu.uco.publiuco:PubliUcoCrossCutting:0.0.1-SNAPSHOT with classifier  to /PubliUcoCrossCutting/target/classes
2023-05-09 15:44:37,170 [Worker-16: Download sources and javadoc] ERROR o.e.m.j.internal.DownloadSourcesJob - Could not download sources for co.edu.uco.publiuco:PublicUcoEntities:0.0.1-SNAPSHOT
org.eclipse.core.runtime.CoreException: Could not resolve artifact co.edu.uco.publiuco:PublicUcoEntities:jar:sources:0.0.1-SNAPSHOT
	at org.eclipse.m2e.core.internal.embedder.MavenImpl.lambda$6(MavenImpl.java:584)
	at org.eclipse.m2e.core.internal.embedder.MavenExecutionContext.executeBare(MavenExecutionContext.java:394)
	at org.eclipse.m2e.core.internal.embedder.MavenExecutionContext.execute(MavenExecutionContext.java:228)
	at org.eclipse.m2e.core.internal.embedder.MavenExecutionContext.execute(MavenExecutionContext.java:214)
	at org.eclipse.m2e.core.internal.embedder.MavenImpl.resolve(MavenImpl.java:553)
	at org.eclipse.m2e.core.internal.embedder.MavenImpl.resolve(MavenImpl.java:538)
	at org.eclipse.m2e.jdt.internal.DownloadSourcesJob.download(DownloadSourcesJob.java:308)
	at org.eclipse.m2e.jdt.internal.DownloadSourcesJob.downloadAttachments(DownloadSourcesJob.java:282)
	at org.eclipse.m2e.jdt.internal.DownloadSourcesJob.downloadMaven(DownloadSourcesJob.java:252)
	at org.eclipse.m2e.jdt.internal.DownloadSourcesJob.downloadFilesAndPopulateToUpdate(DownloadSourcesJob.java:220)
	at org.eclipse.m2e.jdt.internal.DownloadSourcesJob.lambda$0(DownloadSourcesJob.java:149)
	at org.eclipse.m2e.core.internal.embedder.MavenExecutionContext.executeBare(MavenExecutionContext.java:394)
	at org.eclipse.m2e.core.internal.embedder.MavenExecutionContext.execute(MavenExecutionContext.java:275)
	at org.eclipse.m2e.core.internal.embedder.MavenExecutionContext.execute(MavenExecutionContext.java:214)
	at org.eclipse.m2e.core.embedder.IMaven.execute(IMaven.java:294)
	at org.eclipse.m2e.jdt.internal.DownloadSourcesJob.run(DownloadSourcesJob.java:149)
	at org.eclipse.core.internal.jobs.Worker.run(Worker.java:63)
2023-05-09 15:44:37,181 [Worker-16: Download sources and javadoc] ERROR o.e.m.j.internal.DownloadSourcesJob - Could not download sources for co.edu.uco.publiuco:PubliUcoDTO:0.0.1-SNAPSHOT
org.eclipse.core.runtime.CoreException: Could not resolve artifact co.edu.uco.publiuco:PubliUcoDTO:jar:sources:0.0.1-SNAPSHOT
	at org.eclipse.m2e.core.internal.embedder.MavenImpl.lambda$6(MavenImpl.java:584)
	at org.eclipse.m2e.core.internal.embedder.MavenExecutionContext.executeBare(MavenExecutionContext.java:394)
	at org.eclipse.m2e.core.internal.embedder.MavenExecutionContext.execute(MavenExecutionContext.java:228)
	at org.eclipse.m2e.core.internal.embedder.MavenExecutionContext.execute(MavenExecutionContext.java:214)
	at org.eclipse.m2e.core.internal.embedder.MavenImpl.resolve(MavenImpl.java:553)
	at org.eclipse.m2e.core.internal.embedder.MavenImpl.resolve(MavenImpl.java:538)
	at org.eclipse.m2e.jdt.internal.DownloadSourcesJob.download(DownloadSourcesJob.java:308)
	at org.eclipse.m2e.jdt.internal.DownloadSourcesJob.downloadAttachments(DownloadSourcesJob.java:282)
	at org.eclipse.m2e.jdt.internal.DownloadSourcesJob.downloadMaven(DownloadSourcesJob.java:252)
	at org.eclipse.m2e.jdt.internal.DownloadSourcesJob.downloadFilesAndPopulateToUpdate(DownloadSourcesJob.java:220)
	at org.eclipse.m2e.jdt.internal.DownloadSourcesJob.lambda$0(DownloadSourcesJob.java:149)
	at org.eclipse.m2e.core.internal.embedder.MavenExecutionContext.executeBare(MavenExecutionContext.java:394)
	at org.eclipse.m2e.core.internal.embedder.MavenExecutionContext.execute(MavenExecutionContext.java:275)
	at org.eclipse.m2e.core.internal.embedder.MavenExecutionContext.execute(MavenExecutionContext.java:214)
	at org.eclipse.m2e.core.embedder.IMaven.execute(IMaven.java:294)
	at org.eclipse.m2e.jdt.internal.DownloadSourcesJob.run(DownloadSourcesJob.java:149)
	at org.eclipse.core.internal.jobs.Worker.run(Worker.java:63)
2023-05-09 15:44:37,211 [Worker-16: Download sources and javadoc] ERROR o.e.m.j.internal.DownloadSourcesJob - Could not download sources for co.edu.uco.publiuco:PubliUcoData:0.0.1-SNAPSHOT
org.eclipse.core.runtime.CoreException: Could not resolve artifact co.edu.uco.publiuco:PubliUcoData:jar:sources:0.0.1-SNAPSHOT
	at org.eclipse.m2e.core.internal.embedder.MavenImpl.lambda$6(MavenImpl.java:584)
	at org.eclipse.m2e.core.internal.embedder.MavenExecutionContext.executeBare(MavenExecutionContext.java:394)
	at org.eclipse.m2e.core.internal.embedder.MavenExecutionContext.execute(MavenExecutionContext.java:228)
	at org.eclipse.m2e.core.internal.embedder.MavenExecutionContext.execute(MavenExecutionContext.java:214)
	at org.eclipse.m2e.core.internal.embedder.MavenImpl.resolve(MavenImpl.java:553)
	at org.eclipse.m2e.core.internal.embedder.MavenImpl.resolve(MavenImpl.java:538)
	at org.eclipse.m2e.jdt.internal.DownloadSourcesJob.download(DownloadSourcesJob.java:308)
	at org.eclipse.m2e.jdt.internal.DownloadSourcesJob.downloadAttachments(DownloadSourcesJob.java:282)
	at org.eclipse.m2e.jdt.internal.DownloadSourcesJob.downloadMaven(DownloadSourcesJob.java:252)
	at org.eclipse.m2e.jdt.internal.DownloadSourcesJob.downloadFilesAndPopulateToUpdate(DownloadSourcesJob.java:220)
	at org.eclipse.m2e.jdt.internal.DownloadSourcesJob.lambda$0(DownloadSourcesJob.java:149)
	at org.eclipse.m2e.core.internal.embedder.MavenExecutionContext.executeBare(MavenExecutionContext.java:394)
	at org.eclipse.m2e.core.internal.embedder.MavenExecutionContext.execute(MavenExecutionContext.java:275)
	at org.eclipse.m2e.core.internal.embedder.MavenExecutionContext.execute(MavenExecutionContext.java:214)
	at org.eclipse.m2e.core.embedder.IMaven.execute(IMaven.java:294)
	at org.eclipse.m2e.jdt.internal.DownloadSourcesJob.run(DownloadSourcesJob.java:149)
	at org.eclipse.core.internal.jobs.Worker.run(Worker.java:63)
2023-05-09 15:44:37,300 [Worker-0: Building] WARN  o.e.m.c.i.embedder.EclipseLogger - Using platform encoding (Cp1252 actually) to copy filtered resources, i.e. build is platform dependent!
2023-05-09 15:44:37,302 [Worker-0: Building] INFO  o.e.m.c.i.embedder.EclipseLogger - skip non existing resourceDirectory C:\Users\Usuario\OneDrive - UCO\Desktop\Universidad\uco-2023-1\Doo\Personal\Doo-ProyectoClase\PubliUcoCrossCutting\src\main\resources
2023-05-09 15:44:37,307 [Worker-0: Building] WARN  o.e.m.c.i.embedder.EclipseLogger - Using platform encoding (Cp1252 actually) to copy filtered resources, i.e. build is platform dependent!
2023-05-09 15:44:37,307 [Worker-0: Building] INFO  o.e.m.c.i.embedder.EclipseLogger - skip non existing resourceDirectory C:\Users\Usuario\OneDrive - UCO\Desktop\Universidad\uco-2023-1\Doo\Personal\Doo-ProyectoClase\PubliUcoCrossCutting\src\test\resources
2023-05-09 15:44:37,488 [Worker-0: Building] INFO  o.e.m.c.i.l.LifecycleMappingFactory - Using org.eclipse.m2e.jdt.JarLifecycleMapping lifecycle mapping for MavenProject: co.edu.uco.publiuco:PubliUcoDTO:0.0.1-SNAPSHOT @ C:\Users\Usuario\OneDrive - UCO\Desktop\Universidad\uco-2023-1\Doo\Personal\Doo-ProyectoClase\PubliUcoDTO\pom.xml.
2023-05-09 15:44:37,494 [Worker-0: Building] INFO  o.e.m.c.i.p.WorkspaceClassifierResolverManager - Resolving P/PubliUcoCrossCutting: co.edu.uco.publiuco:PubliUcoCrossCutting:0.0.1-SNAPSHOT with classifier  to /PubliUcoCrossCutting/target/classes
2023-05-09 15:44:37,569 [Worker-0: Building] INFO  o.e.m.c.i.l.LifecycleMappingFactory - Using org.eclipse.m2e.jdt.JarLifecycleMapping lifecycle mapping for MavenProject: co.edu.uco.publiuco:PubliUcoBusiness:0.0.1-SNAPSHOT @ C:\Users\Usuario\OneDrive - UCO\Desktop\Universidad\uco-2023-1\Doo\Personal\Doo-ProyectoClase\PubliUcoBusiness\pom.xml.
2023-05-09 15:44:37,574 [Worker-0: Building] WARN  o.e.m.c.i.embedder.EclipseLogger - The POM for co.edu.uco.publiuco:PublicUcoEntities:jar:0.0.1-SNAPSHOT is missing, no dependency information available
2023-05-09 15:44:37,580 [Worker-0: Building] WARN  o.e.m.c.i.embedder.EclipseLogger - The POM for co.edu.uco.publiuco:PubliUcoData:jar:0.0.1-SNAPSHOT is missing, no dependency information available
2023-05-09 15:44:37,582 [Worker-0: Building] INFO  o.e.m.c.i.p.WorkspaceClassifierResolverManager - Resolving P/PubliUcoCrossCutting: co.edu.uco.publiuco:PubliUcoCrossCutting:0.0.1-SNAPSHOT with classifier  to /PubliUcoCrossCutting/target/classes
2023-05-09 15:44:37,583 [Worker-0: Building] INFO  o.e.m.c.i.p.WorkspaceClassifierResolverManager - Resolving P/PubliUcoDTO: co.edu.uco.publiuco:PubliUcoDTO:0.0.1-SNAPSHOT with classifier  to /PubliUcoDTO/target/classes
2023-05-09 15:44:37,671 [Worker-0: Building] WARN  o.e.m.c.i.embedder.EclipseLogger - Using platform encoding (Cp1252 actually) to copy filtered resources, i.e. build is platform dependent!
2023-05-09 15:44:37,673 [Worker-0: Building] INFO  o.e.m.c.i.embedder.EclipseLogger - skip non existing resourceDirectory C:\Users\Usuario\OneDrive - UCO\Desktop\Universidad\uco-2023-1\Doo\Personal\Doo-ProyectoClase\PubliUcoDTO\src\main\resources
2023-05-09 15:44:37,678 [Worker-0: Building] WARN  o.e.m.c.i.embedder.EclipseLogger - Using platform encoding (Cp1252 actually) to copy filtered resources, i.e. build is platform dependent!
2023-05-09 15:44:37,680 [Worker-0: Building] INFO  o.e.m.c.i.embedder.EclipseLogger - skip non existing resourceDirectory C:\Users\Usuario\OneDrive - UCO\Desktop\Universidad\uco-2023-1\Doo\Personal\Doo-ProyectoClase\PubliUcoDTO\src\test\resources
2023-05-09 15:44:37,789 [Worker-5: Updating Maven Dependencies] INFO  o.e.m.c.i.l.LifecycleMappingFactory - Using org.eclipse.m2e.jdt.JarLifecycleMapping lifecycle mapping for MavenProject: co.edu.uco.publiuco:PubliUcoDTO:0.0.1-SNAPSHOT @ C:\Users\Usuario\OneDrive - UCO\Desktop\Universidad\uco-2023-1\Doo\Personal\Doo-ProyectoClase\PubliUcoDTO\pom.xml.
2023-05-09 15:44:37,798 [Worker-5: Updating Maven Dependencies] INFO  o.e.m.c.i.p.WorkspaceClassifierResolverManager - Resolving P/PubliUcoCrossCutting: co.edu.uco.publiuco:PubliUcoCrossCutting:0.0.1-SNAPSHOT with classifier  to /PubliUcoCrossCutting/target/classes
2023-05-09 15:44:38,271 [Worker-6: Download sources and javadoc] ERROR o.e.m.j.internal.DownloadSourcesJob - Could not download javadoc for co.edu.uco.publiuco:PublicUcoEntities:0.0.1-SNAPSHOT
org.eclipse.core.runtime.CoreException: Could not resolve artifact co.edu.uco.publiuco:PublicUcoEntities:jar:javadoc:0.0.1-SNAPSHOT
	at org.eclipse.m2e.core.internal.embedder.MavenImpl.lambda$6(MavenImpl.java:584)
	at org.eclipse.m2e.core.internal.embedder.MavenExecutionContext.executeBare(MavenExecutionContext.java:394)
	at org.eclipse.m2e.core.internal.embedder.MavenExecutionContext.execute(MavenExecutionContext.java:228)
	at org.eclipse.m2e.core.internal.embedder.MavenExecutionContext.execute(MavenExecutionContext.java:214)
	at org.eclipse.m2e.core.internal.embedder.MavenImpl.resolve(MavenImpl.java:553)
	at org.eclipse.m2e.core.internal.embedder.MavenImpl.resolve(MavenImpl.java:538)
	at org.eclipse.m2e.jdt.internal.DownloadSourcesJob.download(DownloadSourcesJob.java:308)
	at org.eclipse.m2e.jdt.internal.DownloadSourcesJob.downloadAttachments(DownloadSourcesJob.java:294)
	at org.eclipse.m2e.jdt.internal.DownloadSourcesJob.downloadMaven(DownloadSourcesJob.java:252)
	at org.eclipse.m2e.jdt.internal.DownloadSourcesJob.downloadFilesAndPopulateToUpdate(DownloadSourcesJob.java:220)
	at org.eclipse.m2e.jdt.internal.DownloadSourcesJob.lambda$0(DownloadSourcesJob.java:149)
	at org.eclipse.m2e.core.internal.embedder.MavenExecutionContext.executeBare(MavenExecutionContext.java:394)
	at org.eclipse.m2e.core.internal.embedder.MavenExecutionContext.execute(MavenExecutionContext.java:275)
	at org.eclipse.m2e.core.internal.embedder.MavenExecutionContext.execute(MavenExecutionContext.java:214)
	at org.eclipse.m2e.core.embedder.IMaven.execute(IMaven.java:294)
	at org.eclipse.m2e.jdt.internal.DownloadSourcesJob.run(DownloadSourcesJob.java:149)
	at org.eclipse.core.internal.jobs.Worker.run(Worker.java:63)
2023-05-09 15:44:38,278 [Worker-6: Download sources and javadoc] ERROR o.e.m.j.internal.DownloadSourcesJob - Could not download javadoc for co.edu.uco.publiuco:PubliUcoDTO:0.0.1-SNAPSHOT
org.eclipse.core.runtime.CoreException: Could not resolve artifact co.edu.uco.publiuco:PubliUcoDTO:jar:javadoc:0.0.1-SNAPSHOT
	at org.eclipse.m2e.core.internal.embedder.MavenImpl.lambda$6(MavenImpl.java:584)
	at org.eclipse.m2e.core.internal.embedder.MavenExecutionContext.executeBare(MavenExecutionContext.java:394)
	at org.eclipse.m2e.core.internal.embedder.MavenExecutionContext.execute(MavenExecutionContext.java:228)
	at org.eclipse.m2e.core.internal.embedder.MavenExecutionContext.execute(MavenExecutionContext.java:214)
	at org.eclipse.m2e.core.internal.embedder.MavenImpl.resolve(MavenImpl.java:553)
	at org.eclipse.m2e.core.internal.embedder.MavenImpl.resolve(MavenImpl.java:538)
	at org.eclipse.m2e.jdt.internal.DownloadSourcesJob.download(DownloadSourcesJob.java:308)
	at org.eclipse.m2e.jdt.internal.DownloadSourcesJob.downloadAttachments(DownloadSourcesJob.java:294)
	at org.eclipse.m2e.jdt.internal.DownloadSourcesJob.downloadMaven(DownloadSourcesJob.java:252)
	at org.eclipse.m2e.jdt.internal.DownloadSourcesJob.downloadFilesAndPopulateToUpdate(DownloadSourcesJob.java:220)
	at org.eclipse.m2e.jdt.internal.DownloadSourcesJob.lambda$0(DownloadSourcesJob.java:149)
	at org.eclipse.m2e.core.internal.embedder.MavenExecutionContext.executeBare(MavenExecutionContext.java:394)
	at org.eclipse.m2e.core.internal.embedder.MavenExecutionContext.execute(MavenExecutionContext.java:275)
	at org.eclipse.m2e.core.internal.embedder.MavenExecutionContext.execute(MavenExecutionContext.java:214)
	at org.eclipse.m2e.core.embedder.IMaven.execute(IMaven.java:294)
	at org.eclipse.m2e.jdt.internal.DownloadSourcesJob.run(DownloadSourcesJob.java:149)
	at org.eclipse.core.internal.jobs.Worker.run(Worker.java:63)
2023-05-09 15:44:38,288 [Worker-6: Download sources and javadoc] ERROR o.e.m.j.internal.DownloadSourcesJob - Could not download javadoc for co.edu.uco.publiuco:PubliUcoData:0.0.1-SNAPSHOT
org.eclipse.core.runtime.CoreException: Could not resolve artifact co.edu.uco.publiuco:PubliUcoData:jar:javadoc:0.0.1-SNAPSHOT
	at org.eclipse.m2e.core.internal.embedder.MavenImpl.lambda$6(MavenImpl.java:584)
	at org.eclipse.m2e.core.internal.embedder.MavenExecutionContext.executeBare(MavenExecutionContext.java:394)
	at org.eclipse.m2e.core.internal.embedder.MavenExecutionContext.execute(MavenExecutionContext.java:228)
	at org.eclipse.m2e.core.internal.embedder.MavenExecutionContext.execute(MavenExecutionContext.java:214)
	at org.eclipse.m2e.core.internal.embedder.MavenImpl.resolve(MavenImpl.java:553)
	at org.eclipse.m2e.core.internal.embedder.MavenImpl.resolve(MavenImpl.java:538)
	at org.eclipse.m2e.jdt.internal.DownloadSourcesJob.download(DownloadSourcesJob.java:308)
	at org.eclipse.m2e.jdt.internal.DownloadSourcesJob.downloadAttachments(DownloadSourcesJob.java:294)
	at org.eclipse.m2e.jdt.internal.DownloadSourcesJob.downloadMaven(DownloadSourcesJob.java:252)
	at org.eclipse.m2e.jdt.internal.DownloadSourcesJob.downloadFilesAndPopulateToUpdate(DownloadSourcesJob.java:220)
	at org.eclipse.m2e.jdt.internal.DownloadSourcesJob.lambda$0(DownloadSourcesJob.java:149)
	at org.eclipse.m2e.core.internal.embedder.MavenExecutionContext.executeBare(MavenExecutionContext.java:394)
	at org.eclipse.m2e.core.internal.embedder.MavenExecutionContext.execute(MavenExecutionContext.java:275)
	at org.eclipse.m2e.core.internal.embedder.MavenExecutionContext.execute(MavenExecutionContext.java:214)
	at org.eclipse.m2e.core.embedder.IMaven.execute(IMaven.java:294)
	at org.eclipse.m2e.jdt.internal.DownloadSourcesJob.run(DownloadSourcesJob.java:149)
	at org.eclipse.core.internal.jobs.Worker.run(Worker.java:63)
2023-05-09 15:44:38,551 [Worker-0: Building] INFO  o.e.m.c.i.l.LifecycleMappingFactory - Using org.eclipse.m2e.jdt.JarLifecycleMapping lifecycle mapping for MavenProject: co.edu.uco.publiuco:PubliUcoData:0.0.1-SNAPSHOT @ C:\Users\Usuario\OneDrive - UCO\Desktop\Universidad\uco-2023-1\Doo\Personal\Doo-ProyectoClase\PubliUcoData\pom.xml.
2023-05-09 15:44:38,557 [Worker-0: Building] WARN  o.e.m.c.i.embedder.EclipseLogger - The POM for co.edu.uco.publiuco:PublicUcoEntities:jar:0.0.1-SNAPSHOT is missing, no dependency information available
2023-05-09 15:44:38,559 [Worker-0: Building] INFO  o.e.m.c.i.p.WorkspaceClassifierResolverManager - Resolving P/PubliUcoCrossCutting: co.edu.uco.publiuco:PubliUcoCrossCutting:0.0.1-SNAPSHOT with classifier  to /PubliUcoCrossCutting/target/classes
2023-05-09 15:44:38,624 [Worker-0: Building] INFO  o.e.m.c.i.l.LifecycleMappingFactory - Using org.eclipse.m2e.jdt.JarLifecycleMapping lifecycle mapping for MavenProject: co.edu.uco.publiuco:PubliUcoBusiness:0.0.1-SNAPSHOT @ C:\Users\Usuario\OneDrive - UCO\Desktop\Universidad\uco-2023-1\Doo\Personal\Doo-ProyectoClase\PubliUcoBusiness\pom.xml.
2023-05-09 15:44:38,631 [Worker-0: Building] INFO  o.e.m.c.i.p.WorkspaceClassifierResolverManager - Resolving P/PubliUcoCrossCutting: co.edu.uco.publiuco:PubliUcoCrossCutting:0.0.1-SNAPSHOT with classifier  to /PubliUcoCrossCutting/target/classes
2023-05-09 15:44:38,632 [Worker-0: Building] INFO  o.e.m.c.i.p.WorkspaceClassifierResolverManager - Resolving P/PubliUcoDTO: co.edu.uco.publiuco:PubliUcoDTO:0.0.1-SNAPSHOT with classifier  to /PubliUcoDTO/target/classes
2023-05-09 15:44:38,632 [Worker-0: Building] INFO  o.e.m.c.i.p.WorkspaceClassifierResolverManager - Resolving P/PubliUcoData: co.edu.uco.publiuco:PubliUcoData:0.0.1-SNAPSHOT with classifier  to /PubliUcoData/target/classes
2023-05-09 15:44:38,704 [Worker-0: Building] WARN  o.e.m.c.i.embedder.EclipseLogger - Using platform encoding (Cp1252 actually) to copy filtered resources, i.e. build is platform dependent!
2023-05-09 15:44:38,705 [Worker-0: Building] INFO  o.e.m.c.i.embedder.EclipseLogger - skip non existing resourceDirectory C:\Users\Usuario\OneDrive - UCO\Desktop\Universidad\uco-2023-1\Doo\Personal\Doo-ProyectoClase\PubliUcoData\src\main\resources
2023-05-09 15:44:38,709 [Worker-0: Building] WARN  o.e.m.c.i.embedder.EclipseLogger - Using platform encoding (Cp1252 actually) to copy filtered resources, i.e. build is platform dependent!
2023-05-09 15:44:38,709 [Worker-0: Building] INFO  o.e.m.c.i.embedder.EclipseLogger - skip non existing resourceDirectory C:\Users\Usuario\OneDrive - UCO\Desktop\Universidad\uco-2023-1\Doo\Personal\Doo-ProyectoClase\PubliUcoData\src\test\resources
2023-05-09 15:44:38,916 [Worker-0: Building] INFO  o.e.m.c.i.l.LifecycleMappingFactory - Using org.eclipse.m2e.jdt.JarLifecycleMapping lifecycle mapping for MavenProject: co.edu.uco.publiuco:PublicUcoEntities:0.0.1-SNAPSHOT @ C:\Users\Usuario\OneDrive - UCO\Desktop\Universidad\uco-2023-1\Doo\Personal\Doo-ProyectoClase\PubliUcoEntities\pom.xml.
2023-05-09 15:44:38,921 [Worker-0: Building] INFO  o.e.m.c.i.p.WorkspaceClassifierResolverManager - Resolving P/PubliUcoCrossCutting: co.edu.uco.publiuco:PubliUcoCrossCutting:0.0.1-SNAPSHOT with classifier  to /PubliUcoCrossCutting/target/classes
2023-05-09 15:44:38,980 [Worker-0: Building] INFO  o.e.m.c.i.l.LifecycleMappingFactory - Using org.eclipse.m2e.jdt.JarLifecycleMapping lifecycle mapping for MavenProject: co.edu.uco.publiuco:PubliUcoData:0.0.1-SNAPSHOT @ C:\Users\Usuario\OneDrive - UCO\Desktop\Universidad\uco-2023-1\Doo\Personal\Doo-ProyectoClase\PubliUcoData\pom.xml.
2023-05-09 15:44:38,984 [Worker-0: Building] INFO  o.e.m.c.i.p.WorkspaceClassifierResolverManager - Resolving P/PubliUcoCrossCutting: co.edu.uco.publiuco:PubliUcoCrossCutting:0.0.1-SNAPSHOT with classifier  to /PubliUcoCrossCutting/target/classes
2023-05-09 15:44:38,985 [Worker-0: Building] INFO  o.e.m.c.i.p.WorkspaceClassifierResolverManager - Resolving P/PubliUcoEntities: co.edu.uco.publiuco:PublicUcoEntities:0.0.1-SNAPSHOT with classifier  to /PubliUcoEntities/target/classes
2023-05-09 15:44:39,038 [Worker-0: Building] INFO  o.e.m.c.i.l.LifecycleMappingFactory - Using org.eclipse.m2e.jdt.JarLifecycleMapping lifecycle mapping for MavenProject: co.edu.uco.publiuco:PubliUcoBusiness:0.0.1-SNAPSHOT @ C:\Users\Usuario\OneDrive - UCO\Desktop\Universidad\uco-2023-1\Doo\Personal\Doo-ProyectoClase\PubliUcoBusiness\pom.xml.
2023-05-09 15:44:39,045 [Worker-0: Building] INFO  o.e.m.c.i.p.WorkspaceClassifierResolverManager - Resolving P/PubliUcoCrossCutting: co.edu.uco.publiuco:PubliUcoCrossCutting:0.0.1-SNAPSHOT with classifier  to /PubliUcoCrossCutting/target/classes
2023-05-09 15:44:39,045 [Worker-0: Building] INFO  o.e.m.c.i.p.WorkspaceClassifierResolverManager - Resolving P/PubliUcoEntities: co.edu.uco.publiuco:PublicUcoEntities:0.0.1-SNAPSHOT with classifier  to /PubliUcoEntities/target/classes
2023-05-09 15:44:39,045 [Worker-0: Building] INFO  o.e.m.c.i.p.WorkspaceClassifierResolverManager - Resolving P/PubliUcoDTO: co.edu.uco.publiuco:PubliUcoDTO:0.0.1-SNAPSHOT with classifier  to /PubliUcoDTO/target/classes
2023-05-09 15:44:39,045 [Worker-0: Building] INFO  o.e.m.c.i.p.WorkspaceClassifierResolverManager - Resolving P/PubliUcoData: co.edu.uco.publiuco:PubliUcoData:0.0.1-SNAPSHOT with classifier  to /PubliUcoData/target/classes
2023-05-09 15:44:39,106 [Worker-0: Building] WARN  o.e.m.c.i.embedder.EclipseLogger - Using platform encoding (Cp1252 actually) to copy filtered resources, i.e. build is platform dependent!
2023-05-09 15:44:39,108 [Worker-0: Building] INFO  o.e.m.c.i.embedder.EclipseLogger - skip non existing resourceDirectory C:\Users\Usuario\OneDrive - UCO\Desktop\Universidad\uco-2023-1\Doo\Personal\Doo-ProyectoClase\PubliUcoEntities\src\main\resources
2023-05-09 15:44:39,113 [Worker-0: Building] WARN  o.e.m.c.i.embedder.EclipseLogger - Using platform encoding (Cp1252 actually) to copy filtered resources, i.e. build is platform dependent!
2023-05-09 15:44:39,115 [Worker-0: Building] INFO  o.e.m.c.i.embedder.EclipseLogger - skip non existing resourceDirectory C:\Users\Usuario\OneDrive - UCO\Desktop\Universidad\uco-2023-1\Doo\Personal\Doo-ProyectoClase\PubliUcoEntities\src\test\resources
2023-05-09 15:45:10,883 [Worker-1: Loading available Gradle versions] INFO  o.e.b.c.i.u.g.PublishedGradleVersions - Gradle version information cache is up-to-date. Trying to read.
